<?xml version="1.0" encoding="UTF-8"?>
<!-- Generated by org.testng.reporters.JUnitXMLReporter -->
<testsuite ignored="3" hostname="LCE54780" failures="0" tests="1" name="Checking" time="9.566" errors="0" timestamp="2023-08-18T12:55:51 CEST">
  <testcase classname="ui.HomePageTests" name="checkIfLabelsDisplayCorrectValues" time="7.545"/>
  <testcase classname="ui.HomePageTests" name="shouldNotLogin" time="0.0">
    <ignored/>
  </testcase> <!-- shouldNotLogin -->
  <testcase classname="ui.HomePageTests" name="shouldLoginWithAlert" time="0.0">
    <ignored/>
  </testcase> <!-- shouldLoginWithAlert -->
  <testcase classname="ui.HomePageTests" name="shouldLogin" time="0.0">
    <ignored/>
  </testcase> <!-- shouldLogin -->
</testsuite> <!-- Checking -->
