<?xml version="1.0" encoding="UTF-8"?>
<!-- Generated by org.testng.reporters.JUnitXMLReporter -->
<testsuite ignored="1" hostname="LCE54780" failures="0" tests="3" name="Sign In tests" time="11.913" errors="0" timestamp="2023-08-18T12:55:41 CEST">
  <testcase classname="ui.HomePageTests" name="shouldLogin" time="0.906"/>
  <testcase classname="ui.HomePageTests" name="shouldLoginWithAlert" time="0.554"/>
  <testcase classname="ui.HomePageTests" name="shouldNotLogin" time="0.505"/>
  <testcase classname="ui.HomePageTests" name="checkIfLabelsDisplayCorrectValues" time="0.0">
    <ignored/>
  </testcase> <!-- checkIfLabelsDisplayCorrectValues -->
</testsuite> <!-- Sign In tests -->
