<?xml version="1.0" encoding="UTF-8"?>
<testsuite xmlns:xsi="http://www.w3.org/2001/XMLSchema-instance" xsi:noNamespaceSchemaLocation="https://maven.apache.org/surefire/maven-surefire-plugin/xsd/surefire-test-report-3.0.xsd" version="3.0" name="TestSuite" time="38.208" tests="4" errors="0" skipped="0" failures="0">
  <properties>
[...]
</properties>
  <testcase name="shouldLogin" classname="ui.HomePageTests" time="0.946">
    <system-out><![CDATA[2023-08-18 at 12:55:33 CEST [main] &amp#27;[32mlogInfo&amp#27;[m - Loading URL:https://certviewer-00.azurewebsites.net
2023-08-18 at 12:55:36 CEST [main] &amp#27;[32mlogInfo&amp#27;[m - Filling email field with:joe.fortesting@capgemini.com
2023-08-18 at 12:55:36 CEST [main] &amp#27;[32mlogInfo&amp#27;[m - Clicking GET CERTIFICATES button
]]></system-out>
  </testcase>
  <testcase name="shouldLoginWithAlert" classname="ui.HomePageTests" time="0.558">
    <system-out><![CDATA[2023-08-18 at 12:55:37 CEST [main] &amp#27;[32mlogInfo&amp#27;[m - Loading URL:https://certviewer-00.azurewebsites.net
2023-08-18 at 12:55:38 CEST [main] &amp#27;[32mlogInfo&amp#27;[m - Filling email field with:test@capgemini.com
2023-08-18 at 12:55:39 CEST [main] &amp#27;[32mlogInfo&amp#27;[m - Clicking GET CERTIFICATES button
]]></system-out>
  </testcase>
  <testcase name="shouldNotLogin" classname="ui.HomePageTests" time="0.517">
    <system-out><![CDATA[2023-08-18 at 12:55:39 CEST [main] &amp#27;[32mlogInfo&amp#27;[m - Loading URL:https://certviewer-00.azurewebsites.net
2023-08-18 at 12:55:41 CEST [main] &amp#27;[32mlogInfo&amp#27;[m - Filling email field with:test@test.com
2023-08-18 at 12:55:41 CEST [main] &amp#27;[32mlogInfo&amp#27;[m - Clicking GET CERTIFICATES button
]]></system-out>
  </testcase>
  <testcase name="checkIfLabelsDisplayCorrectValues" classname="ui.HomePageTests" time="7.552">
    <system-out><![CDATA[2023-08-18 at 12:55:42 CEST [main] &amp#27;[32mlogInfo&amp#27;[m - Loading URL:https://certviewer-00.azurewebsites.net
2023-08-18 at 12:55:44 CEST [main] &amp#27;[32mlogInfo&amp#27;[m - Filling email field with:joe.fortesting@capgemini.com
2023-08-18 at 12:55:44 CEST [main] &amp#27;[32mlogInfo&amp#27;[m - Clicking GET CERTIFICATES button
2023-08-18 at 12:55:45 CEST [main] &amp#27;[32mlogInfo&amp#27;[m - Clicking on link button
2023-08-18 at 12:55:48 CEST [main] &amp#27;[32mlogInfo&amp#27;[m - Clicking on transaction hash link
2023-08-18 at 12:55:49 CEST [main] &amp#27;[32mlogInfo&amp#27;[m - Copied URI string:eyJoYXNoZWRFbWFpbCI6IjB4ZDA1ZDJjOGJjMTUxNDY1ZWJiNjJjMGFiMDdiZTc5ZTRiMWFhYmI0MDM5ZWI2YzAxNjUxOTE4M2RkMjFmYzcwNSIsImZpcnN0TmFtZSI6IkpvZSIsImxhc3ROYW1lIjoiRm9ydGVzdGluZyIsImNlcnRUeXBlIjoiYXJjaGl0ZWN0IiwiY2VydExldmVsIjoiMCJ9
2023-08-18 at 12:55:49 CEST [main] &amp#27;[32mlogInfo&amp#27;[m - Loading URL:https://certviewer-00.azurewebsites.net
2023-08-18 at 12:55:51 CEST [main] &amp#27;[32mlogInfo&amp#27;[m - Filling email field with:joe.fortesting@capgemini.com
2023-08-18 at 12:55:51 CEST [main] &amp#27;[32mlogInfo&amp#27;[m - Clicking GET CERTIFICATES button
]]></system-out>
  </testcase>
</testsuite>